Using pre-set license
Built from '2020.3/staging' branch; Version is '2020.3.11f1 (99c7afb366b3) revision 10078127'; Using compiler version '192528614'; Build Type 'Release'
OS: 'Windows 10 Pro; OS build 19043.928; Version 2009; 64bit' Language: 'ko' Physical Memory: 32676 MB
BatchMode: 1, IsHumanControllingUs: 0, StartBugReporterOnCrash: 0, Is64bit: 1, IsPro: 0

 COMMAND LINE ARGUMENTS:
E:\Unity\2020.3.11f1\Editor\Unity.exe
-adb2
-batchMode
-noUpm
-name
AssetImportWorker0
-projectPath
C:/UnityProject/Example/UGS
-logFile
Logs/AssetImportWorker0.log
-srvPort
11704
Successfully changed project path to: C:/UnityProject/Example/UGS
C:/UnityProject/Example/UGS
Using Asset Import Pipeline V2.
Refreshing native plugins compatible for Editor in 19.69 ms, found 2 plugins.
Preloading 0 native plugins for Editor in 0.00 ms.
Initialize engine version: 2020.3.11f1 (99c7afb366b3)
[Subsystems] Discovering subsystems at path E:/Unity/2020.3.11f1/Editor/Data/Resources/UnitySubsystems
[Subsystems] Discovering subsystems at path C:/UnityProject/Example/UGS/Assets
GfxDevice: creating device client; threaded=0
Direct3D:
    Version:  Direct3D 11.0 [level 11.1]
    Renderer: NVIDIA GeForce GTX 1060 3GB (ID=0x1b84)
    Vendor:   
    VRAM:     2988 MB
    Driver:   27.21.14.6663
Initialize mono
Mono path[0] = 'E:/Unity/2020.3.11f1/Editor/Data/Managed'
Mono path[1] = 'E:/Unity/2020.3.11f1/Editor/Data/MonoBleedingEdge/lib/mono/unityjit'
Mono config path = 'E:/Unity/2020.3.11f1/Editor/Data/MonoBleedingEdge/etc'
Using monoOptions --debugger-agent=transport=dt_socket,embedding=1,server=y,suspend=n,address=127.0.0.1:56576
Begin MonoManager ReloadAssembly
Registering precompiled unity dll's ...
Register platform support module: E:/Unity/2020.3.11f1/Editor/Data/PlaybackEngines/WebGLSupport/UnityEditor.WebGL.Extensions.dll
Register platform support module: E:/Unity/2020.3.11f1/Editor/Data/PlaybackEngines/WindowsStandaloneSupport/UnityEditor.WindowsStandalone.Extensions.dll
Registered in 0.001199 seconds.
Native extension for WindowsStandalone target not found
Native extension for WebGL target not found
Refreshing native plugins compatible for Editor in 19.56 ms, found 2 plugins.
Preloading 0 native plugins for Editor in 0.00 ms.
Mono: successfully reloaded assembly
- Completed reload, in  1.039 seconds
Platform modules already initialized, skipping
Registering precompiled user dll's ...
Registered in 0.002238 seconds.
Begin MonoManager ReloadAssembly
Native extension for WindowsStandalone target not found
Native extension for WebGL target not found
Refreshing native plugins compatible for Editor in 0.30 ms, found 2 plugins.
Preloading 0 native plugins for Editor in 0.00 ms.
Mono: successfully reloaded assembly
- Completed reload, in  0.608 seconds
Platform modules already initialized, skipping
========================================================================
Worker process is ready to serve import requests
Launched and connected shader compiler UnityShaderCompiler.exe after 0.03 seconds
Refreshing native plugins compatible for Editor in 0.28 ms, found 2 plugins.
Preloading 0 native plugins for Editor in 0.00 ms.
Unloading 1455 Unused Serialized files (Serialized files now loaded: 0)
System memory in use before: 68.8 MB.
System memory in use after: 68.8 MB.

Unloading 19 unused Assets to reduce memory usage. Loaded Objects now: 1888.
Total: 1.730100 ms (FindLiveObjects: 0.134200 ms CreateObjectMapping: 0.035600 ms MarkObjects: 1.496400 ms  DeleteObjects: 0.063100 ms)

========================================================================
Received Import Request.
  path: Assets/ZG/Resources/ZGSettingObject.asset
  artifactKey: Guid(510f93b496122c646828c29b2498056d) Importer(815301076,1909f56bfc062723c751e8b465ee728b)
Start importing Assets/ZG/Resources/ZGSettingObject.asset using Guid(510f93b496122c646828c29b2498056d) Importer(815301076,1909f56bfc062723c751e8b465ee728b)  -> (artifact id: '4634957fc6100adfa107c0b372bf5f46') in 0.022977 seconds
  Import took 0.024690 seconds .

========================================================================
Received Import Request.
  Time since last request: 0.067407 seconds.
  path: Assets/ZG/JsonDotNet/Documentation
  artifactKey: Guid(76f828f47ce26cc43991113c6a39dbbf) Importer(815301076,1909f56bfc062723c751e8b465ee728b)
Start importing Assets/ZG/JsonDotNet/Documentation using Guid(76f828f47ce26cc43991113c6a39dbbf) Importer(815301076,1909f56bfc062723c751e8b465ee728b)  -> (artifact id: '7d2e9877c01c2a819397b9ffbbf3ff00') in 0.001582 seconds
  Import took 0.003319 seconds .

========================================================================
Received Import Request.
  Time since last request: 0.039754 seconds.
  path: Assets/ZG/JsonDotNet/Documentation
  artifactKey: Guid(76f828f47ce26cc43991113c6a39dbbf) Importer(815301076,1909f56bfc062723c751e8b465ee728b)
Start importing Assets/ZG/JsonDotNet/Documentation using Guid(76f828f47ce26cc43991113c6a39dbbf) Importer(815301076,1909f56bfc062723c751e8b465ee728b)  -> (artifact id: '7d2e9877c01c2a819397b9ffbbf3ff00') in 0.001333 seconds
  Import took 0.003081 seconds .

========================================================================
Received Prepare
Registering precompiled user dll's ...
Registered in 0.002035 seconds.
Begin MonoManager ReloadAssembly
Native extension for WindowsStandalone target not found
Native extension for WebGL target not found
Refreshing native plugins compatible for Editor in 0.29 ms, found 2 plugins.
Preloading 0 native plugins for Editor in 0.00 ms.
Mono: successfully reloaded assembly
- Completed reload, in  0.577 seconds
Platform modules already initialized, skipping
Refreshing native plugins compatible for Editor in 0.25 ms, found 2 plugins.
Preloading 0 native plugins for Editor in 0.00 ms.
Unloading 1451 Unused Serialized files (Serialized files now loaded: 0)
System memory in use before: 68.8 MB.
System memory in use after: 68.9 MB.

Unloading 14 unused Assets to reduce memory usage. Loaded Objects now: 1892.
Total: 1.541100 ms (FindLiveObjects: 0.130400 ms CreateObjectMapping: 0.037600 ms MarkObjects: 1.342900 ms  DeleteObjects: 0.029500 ms)

========================================================================
Received Import Request.
  Time since last request: 939.561770 seconds.
  path: Assets/ZGS
  artifactKey: Guid(c0d1a07950a5f094c80b866bb0aab7d8) Importer(815301076,1909f56bfc062723c751e8b465ee728b)
Start importing Assets/ZGS using Guid(c0d1a07950a5f094c80b866bb0aab7d8) Importer(815301076,1909f56bfc062723c751e8b465ee728b)  -> (artifact id: 'dc3f50568e4fd95ae2ba87d3a3be736b') in 0.003258 seconds
  Import took 0.004717 seconds .

========================================================================
Received Import Request.
  Time since last request: 1.743404 seconds.
  path: Assets/ZGS/Resources
  artifactKey: Guid(0e86aaa2782fcbf46902852b15726f0f) Importer(815301076,1909f56bfc062723c751e8b465ee728b)
Start importing Assets/ZGS/Resources using Guid(0e86aaa2782fcbf46902852b15726f0f) Importer(815301076,1909f56bfc062723c751e8b465ee728b)  -> (artifact id: '0cf7d0f6c378c5b7fb0661502c241ee0') in 0.001669 seconds
  Import took 0.003542 seconds .

========================================================================
Received Import Request.
  Time since last request: 0.807792 seconds.
  path: Assets/ZGS/Resources/ZGS.Data
  artifactKey: Guid(4821cf13cf7a728438ff36e920ecfab1) Importer(815301076,1909f56bfc062723c751e8b465ee728b)
Start importing Assets/ZGS/Resources/ZGS.Data using Guid(4821cf13cf7a728438ff36e920ecfab1) Importer(815301076,1909f56bfc062723c751e8b465ee728b)  -> (artifact id: '839f681b28f99fcca1c2ac0b04cb8243') in 0.001639 seconds
  Import took 0.003395 seconds .

========================================================================
Received Import Request.
  Time since last request: 0.584916 seconds.
  path: Assets/ZGS/Resources/ZGS.Data/MyGame.json
  artifactKey: Guid(4bc8d2fb0cafcaf44b0547adc62d2771) Importer(815301076,1909f56bfc062723c751e8b465ee728b)
Start importing Assets/ZGS/Resources/ZGS.Data/MyGame.json using Guid(4bc8d2fb0cafcaf44b0547adc62d2771) Importer(815301076,1909f56bfc062723c751e8b465ee728b)  -> (artifact id: '107ee3edeec694c1f23db610fc38fec7') in 0.010199 seconds
  Import took 0.012035 seconds .

========================================================================
Received Import Request.
  Time since last request: 0.003286 seconds.
  path: Assets/ZGS/Resources/ZGS.Data/MyGame.json
  artifactKey: Guid(4bc8d2fb0cafcaf44b0547adc62d2771) Importer(815301076,1909f56bfc062723c751e8b465ee728b)
Start importing Assets/ZGS/Resources/ZGS.Data/MyGame.json using Guid(4bc8d2fb0cafcaf44b0547adc62d2771) Importer(815301076,1909f56bfc062723c751e8b465ee728b)  -> (artifact id: '107ee3edeec694c1f23db610fc38fec7') in 0.001341 seconds
  Import took 0.002933 seconds .

========================================================================
Received Prepare
Registering precompiled user dll's ...
Registered in 0.002379 seconds.
Begin MonoManager ReloadAssembly
Native extension for WindowsStandalone target not found
Native extension for WebGL target not found
Refreshing native plugins compatible for Editor in 0.29 ms, found 2 plugins.
Preloading 0 native plugins for Editor in 0.00 ms.
Mono: successfully reloaded assembly
- Completed reload, in  0.592 seconds
Platform modules already initialized, skipping
Refreshing native plugins compatible for Editor in 0.21 ms, found 2 plugins.
Preloading 0 native plugins for Editor in 0.00 ms.
Unloading 1452 Unused Serialized files (Serialized files now loaded: 0)
System memory in use before: 68.8 MB.
System memory in use after: 68.9 MB.

Unloading 14 unused Assets to reduce memory usage. Loaded Objects now: 1896.
Total: 2.108600 ms (FindLiveObjects: 0.223000 ms CreateObjectMapping: 0.040500 ms MarkObjects: 1.804900 ms  DeleteObjects: 0.038800 ms)

========================================================================
Received Prepare
Registering precompiled user dll's ...
Registered in 0.002317 seconds.
Begin MonoManager ReloadAssembly
Native extension for WindowsStandalone target not found
Native extension for WebGL target not found
Refreshing native plugins compatible for Editor in 0.30 ms, found 2 plugins.
Preloading 0 native plugins for Editor in 0.00 ms.
Mono: successfully reloaded assembly
- Completed reload, in  0.583 seconds
Platform modules already initialized, skipping
Refreshing native plugins compatible for Editor in 0.27 ms, found 2 plugins.
Preloading 0 native plugins for Editor in 0.00 ms.
Unloading 1452 Unused Serialized files (Serialized files now loaded: 0)
System memory in use before: 68.9 MB.
System memory in use after: 68.9 MB.

Unloading 14 unused Assets to reduce memory usage. Loaded Objects now: 1899.
Total: 1.652200 ms (FindLiveObjects: 0.134300 ms CreateObjectMapping: 0.037900 ms MarkObjects: 1.445600 ms  DeleteObjects: 0.033600 ms)

========================================================================
Received Prepare
Registering precompiled user dll's ...
Registered in 0.001920 seconds.
Begin MonoManager ReloadAssembly
Native extension for WindowsStandalone target not found
Native extension for WebGL target not found
Refreshing native plugins compatible for Editor in 0.29 ms, found 2 plugins.
Preloading 0 native plugins for Editor in 0.00 ms.
Mono: successfully reloaded assembly
- Completed reload, in  0.567 seconds
Platform modules already initialized, skipping
Refreshing native plugins compatible for Editor in 0.23 ms, found 2 plugins.
Preloading 0 native plugins for Editor in 0.00 ms.
Unloading 1452 Unused Serialized files (Serialized files now loaded: 0)
System memory in use before: 68.9 MB.
System memory in use after: 68.9 MB.

Unloading 14 unused Assets to reduce memory usage. Loaded Objects now: 1902.
Total: 1.501900 ms (FindLiveObjects: 0.117900 ms CreateObjectMapping: 0.035100 ms MarkObjects: 1.319800 ms  DeleteObjects: 0.028400 ms)

========================================================================
Received Prepare
Registering precompiled user dll's ...
Registered in 0.002088 seconds.
Begin MonoManager ReloadAssembly
Native extension for WindowsStandalone target not found
Native extension for WebGL target not found
Refreshing native plugins compatible for Editor in 0.29 ms, found 2 plugins.
Preloading 0 native plugins for Editor in 0.00 ms.
Mono: successfully reloaded assembly
- Completed reload, in  0.577 seconds
Platform modules already initialized, skipping
Refreshing native plugins compatible for Editor in 0.24 ms, found 2 plugins.
Preloading 0 native plugins for Editor in 0.00 ms.
Unloading 1452 Unused Serialized files (Serialized files now loaded: 0)
System memory in use before: 68.9 MB.
System memory in use after: 68.9 MB.

Unloading 14 unused Assets to reduce memory usage. Loaded Objects now: 1905.
Total: 1.594800 ms (FindLiveObjects: 0.124400 ms CreateObjectMapping: 0.036000 ms MarkObjects: 1.403500 ms  DeleteObjects: 0.030300 ms)

========================================================================
Received Prepare
Registering precompiled user dll's ...
Registered in 0.002042 seconds.
Begin MonoManager ReloadAssembly
Native extension for WindowsStandalone target not found
Native extension for WebGL target not found
Refreshing native plugins compatible for Editor in 0.32 ms, found 2 plugins.
Preloading 0 native plugins for Editor in 0.00 ms.
Mono: successfully reloaded assembly
- Completed reload, in  0.601 seconds
Platform modules already initialized, skipping
Refreshing native plugins compatible for Editor in 0.24 ms, found 2 plugins.
Preloading 0 native plugins for Editor in 0.00 ms.
Unloading 1452 Unused Serialized files (Serialized files now loaded: 0)
System memory in use before: 68.9 MB.
System memory in use after: 69.0 MB.

Unloading 14 unused Assets to reduce memory usage. Loaded Objects now: 1908.
Total: 1.557800 ms (FindLiveObjects: 0.140800 ms CreateObjectMapping: 0.038900 ms MarkObjects: 1.335400 ms  DeleteObjects: 0.041700 ms)

========================================================================
Received Prepare
Registering precompiled user dll's ...
Registered in 0.001931 seconds.
Begin MonoManager ReloadAssembly
Native extension for WindowsStandalone target not found
Native extension for WebGL target not found
Refreshing native plugins compatible for Editor in 0.30 ms, found 2 plugins.
Preloading 0 native plugins for Editor in 0.00 ms.
Mono: successfully reloaded assembly
- Completed reload, in  0.585 seconds
Platform modules already initialized, skipping
Refreshing native plugins compatible for Editor in 0.28 ms, found 2 plugins.
Preloading 0 native plugins for Editor in 0.00 ms.
Unloading 1452 Unused Serialized files (Serialized files now loaded: 0)
System memory in use before: 68.9 MB.
System memory in use after: 69.0 MB.

Unloading 14 unused Assets to reduce memory usage. Loaded Objects now: 1911.
Total: 1.646600 ms (FindLiveObjects: 0.130000 ms CreateObjectMapping: 0.032100 ms MarkObjects: 1.451800 ms  DeleteObjects: 0.031900 ms)

========================================================================
Received Prepare
Registering precompiled user dll's ...
Registered in 0.002234 seconds.
Begin MonoManager ReloadAssembly
Native extension for WindowsStandalone target not found
Native extension for WebGL target not found
Refreshing native plugins compatible for Editor in 0.29 ms, found 2 plugins.
Preloading 0 native plugins for Editor in 0.00 ms.
Mono: successfully reloaded assembly
- Completed reload, in  0.586 seconds
Platform modules already initialized, skipping
Refreshing native plugins compatible for Editor in 0.42 ms, found 2 plugins.
Preloading 0 native plugins for Editor in 0.00 ms.
Unloading 1452 Unused Serialized files (Serialized files now loaded: 0)
System memory in use before: 68.9 MB.
System memory in use after: 69.0 MB.

Unloading 14 unused Assets to reduce memory usage. Loaded Objects now: 1914.
Total: 1.589100 ms (FindLiveObjects: 0.121800 ms CreateObjectMapping: 0.031200 ms MarkObjects: 1.403900 ms  DeleteObjects: 0.031400 ms)

